2026-03-09 16:47:50 [INFO] uart opened: /dev/serial0
2026-03-09 16:47:50 [INFO] Sensor polling thread started
2026-03-09 16:47:50 [ERROR] server connect fail: Connection refused
2026-03-09 16:47:51 [ERROR] server connect fail: Connection refused
2026-03-09 16:47:52 [ERROR] server connect fail: Connection refused
2026-03-09 16:47:54 [ERROR] server connect fail: Connection refused
2026-03-09 16:47:58 [ERROR] server connect fail: Connection refused
2026-03-09 16:48:06 [ERROR] server connect fail: Connection refused
2026-03-09 16:48:16 [ERROR] server connect fail: Connection refused
2026-03-09 16:48:26 [ERROR] server connect fail: Connection refused
2026-03-09 16:48:36 [ERROR] server connect fail: Connection refused
2026-03-09 16:48:46 [ERROR] server connect fail: Connection refused
2026-03-09 16:48:56 [ERROR] server connect fail: Connection refused
2026-03-09 16:49:06 [ERROR] server connect fail: Connection refused
2026-03-09 16:49:16 [ERROR] server connect fail: Connection refused
2026-03-09 16:49:26 [ERROR] server connect fail: Connection refused
2026-03-09 16:49:36 [ERROR] server connect fail: Connection refused
2026-03-09 16:49:46 [ERROR] server connect fail: Connection refused
2026-03-09 16:49:56 [ERROR] server connect fail: Connection refused
2026-03-09 16:50:06 [ERROR] server connect fail: Connection refused
2026-03-09 16:50:17 [ERROR] server connect fail: Connection refused
2026-03-09 16:50:27 [ERROR] server connect fail: Connection refused
2026-03-09 16:50:37 [ERROR] server connect fail: Connection refused
2026-03-09 16:50:47 [ERROR] server connect fail: Connection refused
2026-03-09 16:50:57 [ERROR] server connect fail: Connection refused
2026-03-09 16:51:07 [ERROR] server connect fail: Connection refused
2026-03-09 16:51:17 [ERROR] server connect fail: Connection refused
2026-03-09 16:51:27 [ERROR] server connect fail: Connection refused
2026-03-09 16:51:37 [ERROR] server connect fail: Connection refused
2026-03-09 16:51:47 [ERROR] server connect fail: Connection refused
2026-03-09 16:51:57 [ERROR] server connect fail: Connection refused
2026-03-09 16:52:07 [ERROR] server connect fail: Connection refused
2026-03-09 16:52:17 [ERROR] server connect fail: Connection refused
2026-03-09 16:52:27 [ERROR] server connect fail: Connection refused
2026-03-09 16:52:37 [ERROR] server connect fail: Connection refused
2026-03-09 16:52:47 [ERROR] server connect fail: Connection refused
2026-03-09 16:52:58 [ERROR] server connect fail: Connection refused
2026-03-09 16:53:08 [ERROR] server connect fail: Connection refused
2026-03-09 16:53:18 [ERROR] server connect fail: Connection refused
2026-03-09 16:53:28 [ERROR] server connect fail: Connection refused
2026-03-09 16:53:38 [ERROR] server connect fail: Connection refused
2026-03-09 16:53:48 [ERROR] server connect fail: Connection refused
2026-03-09 16:53:58 [ERROR] server connect fail: Connection refused
2026-03-09 16:54:08 [ERROR] server connect fail: Connection refused
2026-03-09 16:54:18 [ERROR] server connect fail: Connection refused
2026-03-09 16:54:28 [ERROR] server connect fail: Connection refused
2026-03-09 16:54:38 [ERROR] server connect fail: Connection refused
2026-03-09 16:54:48 [ERROR] server connect fail: Connection refused
2026-03-09 16:54:58 [ERROR] server connect fail: Connection refused
2026-03-09 16:55:08 [ERROR] server connect fail: Connection refused
2026-03-09 16:55:18 [ERROR] server connect fail: Connection refused
2026-03-09 16:55:28 [ERROR] server connect fail: Connection refused
2026-03-09 16:55:38 [ERROR] server connect fail: Connection refused
2026-03-09 16:55:49 [ERROR] server connect fail: Connection refused
2026-03-09 16:55:59 [ERROR] server connect fail: Connection refused
2026-03-09 16:56:09 [ERROR] server connect fail: Connection refused
2026-03-09 16:56:19 [ERROR] server connect fail: Connection refused
2026-03-09 16:56:29 [ERROR] server connect fail: Connection refused
2026-03-09 16:56:39 [ERROR] server connect fail: Connection refused
2026-03-09 16:56:49 [ERROR] server connect fail: Connection refused
2026-03-09 16:56:59 [ERROR] server connect fail: Connection refused
2026-03-09 16:57:09 [ERROR] server connect fail: Connection refused
2026-03-09 16:57:19 [ERROR] server connect fail: Connection refused
2026-03-09 16:57:29 [ERROR] server connect fail: Connection refused
2026-03-09 16:57:39 [ERROR] server connect fail: Connection refused
2026-03-09 16:57:49 [ERROR] server connect fail: Connection refused
2026-03-09 16:57:59 [ERROR] server connect fail: Connection refused
2026-03-09 16:58:09 [ERROR] server connect fail: Connection refused
2026-03-09 16:58:19 [ERROR] server connect fail: Connection refused
2026-03-09 16:58:29 [ERROR] server connect fail: Connection refused
2026-03-09 16:58:39 [ERROR] server connect fail: Connection refused
2026-03-09 16:58:49 [ERROR] server connect fail: Connection refused
2026-03-09 16:59:00 [ERROR] server connect fail: Connection refused
2026-03-09 16:59:10 [ERROR] server connect fail: Connection refused
2026-03-09 16:59:20 [ERROR] server connect fail: Connection refused
2026-03-09 16:59:30 [ERROR] server connect fail: Connection refused
2026-03-09 16:59:40 [ERROR] server connect fail: Connection refused
2026-03-09 16:59:50 [ERROR] server connect fail: Connection refused
2026-03-09 17:00:00 [ERROR] server connect fail: Connection refused
2026-03-09 17:00:10 [ERROR] server connect fail: Connection refused
2026-03-09 17:00:20 [ERROR] server connect fail: Connection refused
2026-03-09 17:00:30 [ERROR] server connect fail: Connection refused
2026-03-09 17:00:40 [ERROR] server connect fail: Connection refused
2026-03-09 17:00:50 [ERROR] server connect fail: Connection refused
2026-03-09 17:01:00 [ERROR] server connect fail: Connection refused
2026-03-09 17:01:10 [ERROR] server connect fail: Connection refused
2026-03-09 17:01:20 [ERROR] server connect fail: Connection refused
2026-03-09 17:01:30 [ERROR] server connect fail: Connection refused
2026-03-09 17:01:40 [ERROR] server connect fail: Connection refused
2026-03-09 17:01:51 [ERROR] server connect fail: Connection refused
2026-03-09 17:02:01 [ERROR] server connect fail: Connection refused
2026-03-09 17:02:11 [ERROR] server connect fail: Connection refused
2026-03-09 17:02:21 [ERROR] server connect fail: Connection refused
2026-03-09 17:02:31 [ERROR] server connect fail: Connection refused
2026-03-09 17:02:41 [ERROR] server connect fail: Connection refused
2026-03-09 17:02:51 [ERROR] server connect fail: Connection refused
2026-03-09 17:03:01 [ERROR] server connect fail: Connection refused
2026-03-09 17:03:11 [ERROR] server connect fail: Connection refused
2026-03-09 17:03:21 [ERROR] server connect fail: Connection refused
2026-03-09 17:03:22 [INFO] stop signal received, exiting bridge loop
2026-03-09 17:03:23 [INFO] bridge stopped
2026-03-09 17:05:19 [INFO] uart opened: /dev/serial0
2026-03-09 17:05:19 [INFO] Sensor polling thread started
2026-03-09 17:05:19 [ERROR] server connect fail: Connection refused
2026-03-09 17:05:20 [ERROR] server connect fail: Connection refused
2026-03-09 17:05:21 [ERROR] server connect fail: Connection refused
2026-03-09 17:05:23 [ERROR] server connect fail: Connection refused
2026-03-09 17:05:27 [ERROR] server connect fail: Connection refused
2026-03-09 17:05:35 [ERROR] server connect fail: Connection refused
2026-03-09 17:05:45 [ERROR] server connect fail: Connection refused
2026-03-09 17:05:55 [ERROR] server connect fail: Connection refused
2026-03-09 17:06:05 [ERROR] server connect fail: Connection refused
2026-03-09 17:06:15 [ERROR] server connect fail: Connection refused
2026-03-09 17:06:25 [ERROR] server connect fail: Connection refused
2026-03-09 17:06:35 [ERROR] server connect fail: Connection refused
2026-03-09 17:06:45 [ERROR] server connect fail: Connection refused
2026-03-09 17:06:55 [ERROR] server connect fail: Connection refused
2026-03-09 17:07:05 [ERROR] server connect fail: Connection refused
2026-03-09 17:07:15 [ERROR] server connect fail: Connection refused
2026-03-09 17:07:25 [ERROR] server connect fail: Connection refused
2026-03-09 17:07:35 [ERROR] server connect fail: Connection refused
2026-03-09 17:07:45 [ERROR] server connect fail: Connection refused
2026-03-09 17:07:56 [ERROR] server connect fail: Connection refused
2026-03-09 17:08:06 [ERROR] server connect fail: Connection refused
2026-03-09 17:08:16 [ERROR] server connect fail: Connection refused
2026-03-09 17:08:26 [ERROR] server connect fail: Connection refused
2026-03-09 17:08:36 [ERROR] server connect fail: Connection refused
2026-03-09 17:08:46 [ERROR] server connect fail: Connection refused
2026-03-09 17:08:56 [ERROR] server connect fail: Connection refused
2026-03-09 17:09:06 [ERROR] server connect fail: Connection refused
2026-03-09 17:09:16 [ERROR] server connect fail: Connection refused
2026-03-09 17:09:26 [ERROR] server connect fail: Connection refused
2026-03-09 17:09:36 [ERROR] server connect fail: Connection refused
2026-03-09 17:09:46 [ERROR] server connect fail: Connection refused
2026-03-09 17:09:56 [ERROR] server connect fail: Connection refused
2026-03-09 17:10:06 [ERROR] server connect fail: Connection refused
2026-03-09 17:10:16 [ERROR] server connect fail: Connection refused
2026-03-09 17:10:26 [ERROR] server connect fail: Connection refused
2026-03-09 17:10:36 [ERROR] server connect fail: Connection refused
2026-03-09 17:10:47 [ERROR] server connect fail: Connection refused
2026-03-09 17:10:57 [ERROR] server connect fail: Connection refused
2026-03-09 17:11:07 [ERROR] server connect fail: Connection refused
2026-03-09 17:11:17 [ERROR] server connect fail: Connection refused
2026-03-09 17:11:27 [ERROR] server connect fail: Connection refused
2026-03-09 17:11:37 [ERROR] server connect fail: Connection refused
2026-03-09 17:11:47 [ERROR] server connect fail: Connection refused
2026-03-09 17:11:57 [ERROR] server connect fail: Connection refused
2026-03-09 17:12:07 [ERROR] server connect fail: Connection refused
2026-03-09 17:12:17 [ERROR] server connect fail: Connection refused
2026-03-09 17:12:27 [ERROR] server connect fail: Connection refused
2026-03-09 17:12:30 [INFO] stop signal received, exiting bridge loop
2026-03-09 17:12:30 [INFO] bridge stopped
2026-03-09 17:20:20 [INFO] uart opened: /dev/serial0
2026-03-09 17:20:20 [INFO] Sensor polling thread started
2026-03-09 17:20:20 [ERROR] server connect fail: Connection refused
2026-03-09 17:20:21 [ERROR] server connect fail: Connection refused
2026-03-09 17:20:22 [ERROR] server connect fail: Connection refused
2026-03-09 17:20:24 [ERROR] server connect fail: Connection refused
2026-03-09 17:20:28 [ERROR] server connect fail: Connection refused
2026-03-09 17:20:36 [ERROR] server connect fail: Connection refused
2026-03-09 17:20:46 [ERROR] server connect fail: Connection refused
2026-03-09 17:20:56 [ERROR] server connect fail: Connection refused
2026-03-09 17:21:06 [ERROR] server connect fail: Connection refused
2026-03-09 17:21:16 [ERROR] server connect fail: Connection refused
2026-03-09 17:21:26 [ERROR] server connect fail: Connection refused
2026-03-09 17:21:36 [ERROR] server connect fail: Connection refused
2026-03-09 17:21:46 [ERROR] server connect fail: Connection refused
2026-03-09 17:21:56 [ERROR] server connect fail: Connection refused
2026-03-09 17:22:06 [ERROR] server connect fail: Connection refused
2026-03-09 17:22:16 [ERROR] server connect fail: Connection refused
2026-03-09 17:22:26 [ERROR] server connect fail: Connection refused
2026-03-09 17:22:36 [ERROR] server connect fail: Connection refused
2026-03-09 17:22:46 [ERROR] server connect fail: Connection refused
2026-03-09 17:22:56 [ERROR] server connect fail: Connection refused
2026-03-09 17:23:06 [ERROR] server connect fail: Connection refused
2026-03-09 17:23:16 [ERROR] server connect fail: Connection refused
2026-03-09 17:23:26 [ERROR] server connect fail: Connection refused
2026-03-09 17:23:36 [ERROR] server connect fail: Connection refused
2026-03-09 17:23:47 [ERROR] server connect fail: Connection refused
2026-03-09 17:23:57 [ERROR] server connect fail: Connection refused
2026-03-09 17:24:07 [ERROR] server connect fail: Connection refused
2026-03-09 17:24:17 [ERROR] server connect fail: Connection refused
2026-03-09 17:24:27 [ERROR] server connect fail: Connection refused
2026-03-09 17:24:37 [ERROR] server connect fail: Connection refused
2026-03-09 17:24:47 [ERROR] server connect fail: Connection refused
2026-03-09 17:24:57 [ERROR] server connect fail: Connection refused
2026-03-09 17:25:07 [ERROR] server connect fail: Connection refused
2026-03-09 17:25:17 [ERROR] server connect fail: Connection refused
2026-03-09 17:25:27 [ERROR] server connect fail: Connection refused
2026-03-09 17:25:37 [ERROR] server connect fail: Connection refused
2026-03-09 17:25:41 [INFO] stop signal received, exiting bridge loop
2026-03-09 17:25:41 [INFO] bridge stopped
