2026-03-11 11:53:45 [INFO] uart opened: /dev/serial0
2026-03-11 11:53:45 [INFO] Sensor polling thread started
2026-03-11 11:53:52 [INFO] bridge stopped
2026-03-11 11:54:05 [INFO] uart opened: /dev/serial0
2026-03-11 11:54:05 [INFO] Sensor polling thread started
2026-03-11 11:54:44 [INFO] bridge stopped
2026-03-11 11:56:03 [INFO] uart opened: /dev/serial0
2026-03-11 11:56:03 [INFO] Sensor polling thread started
2026-03-11 11:56:08 [INFO] Batch sensor data (5pts) forwarded to sender (META)
2026-03-11 11:56:13 [INFO] Batch sensor data (5pts) forwarded to sender (META)
2026-03-11 11:56:18 [INFO] Batch sensor data (5pts) forwarded to sender (META)
2026-03-11 11:56:23 [INFO] Batch sensor data (5pts) forwarded to sender (META)
2026-03-11 11:56:28 [INFO] Batch sensor data (5pts) forwarded to sender (META)
2026-03-11 11:56:33 [INFO] Batch sensor data (5pts) forwarded to sender (META)
2026-03-11 11:56:38 [INFO] Batch sensor data (5pts) forwarded to sender (META)
2026-03-11 11:56:43 [INFO] Batch sensor data (5pts) forwarded to sender (META)
2026-03-11 11:56:48 [INFO] Batch sensor data (5pts) forwarded to sender (META)
2026-03-11 11:56:53 [INFO] Batch sensor data (5pts) forwarded to sender (META)
2026-03-11 11:56:58 [INFO] Batch sensor data (5pts) forwarded to sender (META)
2026-03-11 11:57:03 [INFO] Batch sensor data (5pts) forwarded to sender (META)
2026-03-11 11:57:08 [INFO] Batch sensor data (5pts) forwarded to sender (META)
2026-03-11 11:57:13 [INFO] Batch sensor data (5pts) forwarded to sender (META)
2026-03-11 11:57:18 [INFO] Batch sensor data (5pts) forwarded to sender (META)
2026-03-11 11:57:23 [INFO] Batch sensor data (5pts) forwarded to sender (META)
2026-03-11 11:57:28 [INFO] Batch sensor data (5pts) forwarded to sender (META)
2026-03-11 11:57:33 [INFO] Batch sensor data (5pts) forwarded to sender (META)
2026-03-11 11:57:38 [INFO] Batch sensor data (5pts) forwarded to sender (META)
2026-03-11 11:57:43 [INFO] Batch sensor data (5pts) forwarded to sender (META)
2026-03-11 11:57:48 [INFO] Batch sensor data (5pts) forwarded to sender (META)
2026-03-11 11:57:53 [INFO] Batch sensor data (5pts) forwarded to sender (META)
2026-03-11 11:57:58 [INFO] Batch sensor data (5pts) forwarded to sender (META)
2026-03-11 11:58:03 [INFO] Batch sensor data (5pts) forwarded to sender (META)
2026-03-11 11:58:08 [INFO] Batch sensor data (5pts) forwarded to sender (META)
2026-03-11 11:58:13 [INFO] Batch sensor data (5pts) forwarded to sender (META)
2026-03-11 11:58:18 [INFO] Batch sensor data (5pts) forwarded to sender (META)
2026-03-11 11:58:23 [INFO] Batch sensor data (5pts) forwarded to sender (META)
2026-03-11 11:58:28 [INFO] Batch sensor data (5pts) forwarded to sender (META)
2026-03-11 11:58:33 [INFO] Batch sensor data (5pts) forwarded to sender (META)
2026-03-11 11:58:38 [INFO] Batch sensor data (5pts) forwarded to sender (META)
2026-03-11 11:58:43 [INFO] Batch sensor data (5pts) forwarded to sender (META)
2026-03-11 11:58:48 [INFO] Batch sensor data (5pts) forwarded to sender (META)
2026-03-11 11:58:53 [INFO] Batch sensor data (5pts) forwarded to sender (META)
2026-03-11 11:58:58 [INFO] Batch sensor data (5pts) forwarded to sender (META)
2026-03-11 11:59:03 [INFO] Batch sensor data (5pts) forwarded to sender (META)
2026-03-11 11:59:07 [INFO] bridge stopped
2026-03-11 12:03:41 [INFO] uart opened: /dev/serial0
2026-03-11 12:03:41 [INFO] Sensor polling thread started
2026-03-11 12:04:19 [INFO] uart opened: /dev/serial0
2026-03-11 12:04:19 [INFO] Sensor polling thread started
2026-03-11 12:04:24 [INFO] Batch sensor data (5pts) forwarded to sender (META)
2026-03-11 12:04:29 [INFO] Batch sensor data (5pts) forwarded to sender (META)
2026-03-11 12:04:34 [INFO] Batch sensor data (5pts) forwarded to sender (META)
2026-03-11 12:04:39 [INFO] Batch sensor data (5pts) forwarded to sender (META)
2026-03-11 12:04:44 [INFO] Batch sensor data (5pts) forwarded to sender (META)
2026-03-11 12:04:46 [INFO] bridge stopped
2026-03-11 12:10:09 [INFO] uart opened: /dev/serial0
2026-03-11 12:10:09 [INFO] Sensor polling thread started
2026-03-11 12:10:13 [INFO] Batch sensor data (5pts) forwarded to sender (META)
2026-03-11 12:10:18 [INFO] Batch sensor data (5pts) forwarded to sender (META)
2026-03-11 12:10:23 [INFO] Batch sensor data (5pts) forwarded to sender (META)
2026-03-11 12:10:28 [INFO] Batch sensor data (5pts) forwarded to sender (META)
2026-03-11 12:10:33 [INFO] Batch sensor data (5pts) forwarded to sender (META)
2026-03-11 12:10:38 [INFO] Batch sensor data (5pts) forwarded to sender (META)
2026-03-11 12:10:43 [INFO] Batch sensor data (5pts) forwarded to sender (META)
2026-03-11 12:10:48 [INFO] Batch sensor data (5pts) forwarded to sender (META)
2026-03-11 12:10:53 [INFO] Batch sensor data (5pts) forwarded to sender (META)
2026-03-11 12:10:58 [INFO] Batch sensor data (5pts) forwarded to sender (META)
2026-03-11 12:11:03 [INFO] Batch sensor data (5pts) forwarded to sender (META)
2026-03-11 12:11:07 [INFO] bridge stopped
2026-03-11 12:18:21 [INFO] uart opened: /dev/serial0
2026-03-11 12:18:21 [INFO] Sensor polling thread started
2026-03-11 12:18:25 [INFO] Batch sensor data (5pts) forwarded to sender (META)
2026-03-11 12:18:30 [INFO] Batch sensor data (5pts) forwarded to sender (META)
2026-03-11 12:18:35 [INFO] Batch sensor data (5pts) forwarded to sender (META)
2026-03-11 12:18:40 [INFO] Batch sensor data (5pts) forwarded to sender (META)
2026-03-11 12:18:45 [INFO] Batch sensor data (5pts) forwarded to sender (META)
2026-03-11 12:18:50 [INFO] Batch sensor data (5pts) forwarded to sender (META)
2026-03-11 12:19:19 [INFO] uart opened: /dev/serial0
2026-03-11 12:19:19 [INFO] Sensor polling thread started
2026-03-11 12:19:23 [INFO] Batch sensor data (5pts) forwarded to sender (META)
2026-03-11 12:19:28 [INFO] Batch sensor data (5pts) forwarded to sender (META)
2026-03-11 12:19:33 [INFO] Batch sensor data (5pts) forwarded to sender (META)
2026-03-11 12:19:38 [INFO] Batch sensor data (5pts) forwarded to sender (META)
2026-03-11 12:19:43 [INFO] Batch sensor data (5pts) forwarded to sender (META)
2026-03-11 12:19:48 [INFO] Batch sensor data (5pts) forwarded to sender (META)
2026-03-11 12:19:53 [INFO] Batch sensor data (5pts) forwarded to sender (META)
2026-03-11 12:19:58 [INFO] Batch sensor data (5pts) forwarded to sender (META)
2026-03-11 12:20:03 [INFO] Batch sensor data (5pts) forwarded to sender (META)
2026-03-11 12:20:08 [INFO] Batch sensor data (5pts) forwarded to sender (META)
2026-03-11 12:20:13 [INFO] Batch sensor data (5pts) forwarded to sender (META)
2026-03-11 12:20:17 [INFO] bridge stopped
2026-03-11 12:24:47 [INFO] uart opened: /dev/serial0
2026-03-11 12:24:47 [INFO] Sensor polling thread started
2026-03-11 12:24:51 [INFO] Batch sensor data (5pts) forwarded to sender (META)
2026-03-11 12:24:56 [INFO] Batch sensor data (5pts) forwarded to sender (META)
2026-03-11 12:24:59 [INFO] bridge stopped
2026-03-11 12:28:53 [INFO] uart opened: /dev/serial0
2026-03-11 12:28:53 [INFO] Sensor polling thread started
2026-03-11 12:28:55 [ERROR] Invalid motor command received: unauto
2026-03-11 12:28:57 [INFO] Batch sensor data (5pts) forwarded to sender (META)
2026-03-11 12:29:02 [INFO] Batch sensor data (5pts) forwarded to sender (META)
2026-03-11 12:29:07 [INFO] Batch sensor data (5pts) forwarded to sender (META)
2026-03-11 12:29:12 [INFO] Batch sensor data (5pts) forwarded to sender (META)
2026-03-11 12:29:17 [INFO] Batch sensor data (5pts) forwarded to sender (META)
2026-03-11 12:29:22 [INFO] Batch sensor data (5pts) forwarded to sender (META)
2026-03-11 12:29:27 [INFO] Batch sensor data (5pts) forwarded to sender (META)
2026-03-11 12:29:32 [INFO] Batch sensor data (5pts) forwarded to sender (META)
2026-03-11 12:29:37 [INFO] Batch sensor data (5pts) forwarded to sender (META)
2026-03-11 12:29:42 [INFO] Batch sensor data (5pts) forwarded to sender (META)
2026-03-11 12:29:44 [INFO] bridge stopped
2026-03-11 12:38:33 [INFO] uart opened: /dev/serial0
2026-03-11 12:38:33 [INFO] Sensor polling thread started
2026-03-11 12:38:37 [INFO] Batch sensor data (5pts) forwarded to sender (META)
2026-03-11 12:38:42 [INFO] Batch sensor data (5pts) forwarded to sender (META)
2026-03-11 12:38:47 [INFO] Batch sensor data (5pts) forwarded to sender (META)
2026-03-11 12:38:52 [INFO] Batch sensor data (5pts) forwarded to sender (META)
2026-03-11 12:38:57 [INFO] Batch sensor data (5pts) forwarded to sender (META)
2026-03-11 12:39:02 [INFO] Batch sensor data (5pts) forwarded to sender (META)
2026-03-11 12:39:07 [INFO] Batch sensor data (5pts) forwarded to sender (META)
2026-03-11 12:39:12 [INFO] Batch sensor data (5pts) forwarded to sender (META)
2026-03-11 12:39:17 [INFO] Batch sensor data (5pts) forwarded to sender (META)
2026-03-11 12:39:22 [INFO] Batch sensor data (5pts) forwarded to sender (META)
2026-03-11 12:39:27 [INFO] Batch sensor data (5pts) forwarded to sender (META)
2026-03-11 12:39:32 [INFO] Batch sensor data (5pts) forwarded to sender (META)
2026-03-11 12:39:37 [INFO] Batch sensor data (5pts) forwarded to sender (META)
2026-03-11 12:39:42 [INFO] Batch sensor data (5pts) forwarded to sender (META)
2026-03-11 12:39:47 [INFO] bridge stopped
2026-03-11 12:48:00 [INFO] uart opened: /dev/serial0
2026-03-11 12:48:00 [INFO] Sensor polling thread started
2026-03-11 12:48:04 [INFO] Batch sensor data (5pts) forwarded to sender (META)
2026-03-11 12:48:09 [INFO] Batch sensor data (5pts) forwarded to sender (META)
2026-03-11 12:48:14 [INFO] Batch sensor data (5pts) forwarded to sender (META)
2026-03-11 12:48:19 [INFO] Batch sensor data (5pts) forwarded to sender (META)
2026-03-11 12:48:24 [INFO] Batch sensor data (5pts) forwarded to sender (META)
2026-03-11 12:48:29 [INFO] Batch sensor data (5pts) forwarded to sender (META)
2026-03-11 12:48:34 [INFO] Batch sensor data (5pts) forwarded to sender (META)
2026-03-11 12:48:39 [INFO] Batch sensor data (5pts) forwarded to sender (META)
2026-03-11 12:48:44 [INFO] Batch sensor data (5pts) forwarded to sender (META)
2026-03-11 12:48:49 [INFO] Batch sensor data (5pts) forwarded to sender (META)
2026-03-11 12:48:54 [INFO] Batch sensor data (5pts) forwarded to sender (META)
2026-03-11 12:48:59 [INFO] Batch sensor data (5pts) forwarded to sender (META)
2026-03-11 12:49:04 [INFO] Batch sensor data (5pts) forwarded to sender (META)
2026-03-11 12:49:09 [INFO] Batch sensor data (5pts) forwarded to sender (META)
2026-03-11 12:49:14 [INFO] Batch sensor data (5pts) forwarded to sender (META)
2026-03-11 12:49:19 [INFO] Batch sensor data (5pts) forwarded to sender (META)
2026-03-11 12:49:22 [INFO] bridge stopped
2026-03-11 12:52:37 [INFO] uart opened: /dev/serial0
2026-03-11 12:52:37 [INFO] Sensor polling thread started
2026-03-11 12:52:41 [INFO] Batch sensor data (5pts) forwarded to sender (META)
2026-03-11 12:52:46 [INFO] Batch sensor data (5pts) forwarded to sender (META)
2026-03-11 12:52:51 [INFO] Batch sensor data (5pts) forwarded to sender (META)
2026-03-11 12:52:56 [INFO] Batch sensor data (5pts) forwarded to sender (META)
2026-03-11 12:52:59 [INFO] bridge stopped
